<?xml version="1.0" encoding="UTF-8"?>
<!-- Generated by org.testng.reporters.JUnitReportReporter -->
<testsuite hostname="LAPTOP-45AGSMFS" failures="0" tests="20" name="com.learnertracker.pages.TestClass1" time="163.554" errors="0" timestamp="2024-04-12T22:05:30 IST" skipped="0">
  <testcase classname="com.learnertracker.pages.TestClass1" name="TC_TH_002" time="6.600"/>
  <testcase classname="com.learnertracker.pages.TestClass1" name="TC_TH_003" time="7.034"/>
  <testcase classname="com.learnertracker.pages.TestClass1" name="TC_TH_004" time="8.234"/>
  <testcase classname="com.learnertracker.pages.TestClass1" name="TC_TH_005" time="6.852"/>
  <testcase classname="com.learnertracker.pages.TestClass1" name="TC_TH_001" time="8.564"/>
  <testcase classname="com.learnertracker.pages.TestClass1" name="TC_LF_001" time="9.466"/>
  <testcase classname="com.learnertracker.pages.TestClass1" name="TC_LF_002" time="10.418"/>
  <testcase classname="com.learnertracker.pages.TestClass1" name="TC_LF_003" time="14.361"/>
  <testcase classname="com.learnertracker.pages.TestClass1" name="TC_LF_004" time="7.016"/>
  <testcase classname="com.learnertracker.pages.TestClass1" name="TC_LG_001" time="2.381"/>
  <testcase classname="com.learnertracker.pages.TestClass1" name="TC_PO_002" time="7.064"/>
  <testcase classname="com.learnertracker.pages.TestClass1" name="TC_PO_003" time="7.256"/>
  <testcase classname="com.learnertracker.pages.TestClass1" name="TC_PO_004" time="6.933"/>
  <testcase classname="com.learnertracker.pages.TestClass1" name="TC_PO_005" time="6.849"/>
  <testcase classname="com.learnertracker.pages.TestClass1" name="TC_PO_001" time="7.095"/>
  <testcase classname="com.learnertracker.pages.TestClass1" name="TC_PS_001" time="8.925"/>
  <testcase classname="com.learnertracker.pages.TestClass1" name="TC_LG_002" time="4.343"/>
  <testcase classname="com.learnertracker.pages.TestClass1" name="TC_EF_001" time="22.253"/>
  <testcase classname="com.learnertracker.pages.TestClass1" name="TC_DF_001" time="5.410"/>
  <testcase classname="com.learnertracker.pages.TestClass1" name="TC_AD_001" time="6.500"/>
</testsuite> <!-- com.learnertracker.pages.TestClass1 -->
